<?xml version="1.0" encoding="UTF-8"?>
<!-- Generated by org.testng.reporters.JUnitReportReporter -->
<testsuite hostname="LAPTOP-FPI8PGS4" failures="0" tests="1" name="testng1.Actionpgm" time="3.607" errors="0" timestamp="2024-02-19T13:17:48 IST" skipped="0">
  <testcase classname="testng1.Actionpgm" name="Test" time="3.607"/>
  <system-out/>
</testsuite> <!-- testng1.Actionpgm -->
