<?xml version="1.0" encoding="UTF-8"?>
<!-- Generated by org.testng.reporters.JUnitReportReporter -->
<testsuite hostname="LAPTOP-FPI8PGS4" failures="0" tests="3" name="testng1.crossbrowsertest" time="4.886" errors="0" timestamp="2024-02-16T12:33:38 IST" skipped="0">
  <testcase classname="testng1.crossbrowsertest" name="browsertest" time="1.752"/>
  <system-out/>
  <testcase classname="testng1.crossbrowsertest" name="browsertest" time="2.095"/>
  <system-out/>
  <testcase classname="testng1.crossbrowsertest" name="browsertest" time="1.039"/>
  <system-out/>
</testsuite> <!-- testng1.crossbrowsertest -->
