<?xml version="1.0" encoding="UTF-8"?>
<!-- Generated by org.testng.reporters.JUnitReportReporter -->
<testsuite hostname="LAPTOP-FPI8PGS4" failures="0" tests="3" name="testng1.grouping1" time="0.012" errors="0" timestamp="2024-02-15T12:26:31 IST" skipped="0">
  <testcase classname="testng1.grouping1" name="main2" time="0.010"/>
  <system-out/>
  <testcase classname="testng1.grouping1" name="main5" time="0.001"/>
  <system-out/>
  <testcase classname="testng1.grouping1" name="main4" time="0.001"/>
  <system-out/>
</testsuite> <!-- testng1.grouping1 -->
