<?xml version="1.0" encoding="UTF-8"?>
<!-- Generated by org.testng.reporters.JUnitReportReporter -->
<testsuite hostname="LAPTOP-FPI8PGS4" failures="0" tests="1" name="testng1.Windowhndle" time="5.494" errors="0" timestamp="2024-02-22T13:00:48 IST" skipped="0">
  <testcase classname="testng1.Windowhndle" name="windowhndles" time="5.494"/>
  <system-out/>
</testsuite> <!-- testng1.Windowhndle -->
