<?xml version="1.0" encoding="UTF-8"?>
<!-- Generated by org.testng.reporters.JUnitReportReporter -->
<testsuite hostname="LAPTOP-FPI8PGS4" failures="0" tests="1" name="xpathsel.fileupld" time="3.274" errors="0" timestamp="2024-02-24T12:29:14 IST" skipped="0">
  <testcase classname="xpathsel.fileupld" name="test" time="3.274"/>
  <system-out/>
</testsuite> <!-- xpathsel.fileupld -->
