<?xml version="1.0" encoding="UTF-8"?>
<!-- Generated by org.testng.reporters.JUnitReportReporter -->
<testsuite hostname="LAPTOP-FPI8PGS4" failures="0" tests="3" name="testng1.annotations" time="0.008" errors="0" timestamp="2024-02-14T12:45:01 IST" skipped="0">
  <testcase classname="testng1.annotations" name="test1" time="0.002"/>
  <system-out/>
  <testcase classname="testng1.annotations" name="test2" time="0.001"/>
  <system-out/>
  <testcase classname="testng1.annotations" name="test" time="0.005"/>
  <system-out/>
</testsuite> <!-- testng1.annotations -->
