<?xml version="1.0" encoding="UTF-8"?>
<!-- Generated by org.testng.reporters.JUnitReportReporter -->
<testsuite hostname="LAPTOP-FPI8PGS4" failures="0" tests="1" name="testng1.toolsqa" time="7.546" errors="0" timestamp="2024-02-19T13:15:00 IST" skipped="0">
  <testcase classname="testng1.toolsqa" name="test" time="7.546"/>
  <system-out/>
</testsuite> <!-- testng1.toolsqa -->
