<?xml version="1.0" encoding="UTF-8"?>
<!-- Generated by org.testng.reporters.JUnitReportReporter -->
<testsuite hostname="LAPTOP-FPI8PGS4" failures="0" tests="1" name="testng1.amz" time="21.250" errors="0" timestamp="2024-02-22T14:57:19 IST" skipped="0">
  <testcase classname="testng1.amz" name="Tests" time="21.250"/>
  <system-out/>
</testsuite> <!-- testng1.amz -->
