<?xml version="1.0" encoding="UTF-8"?>
<!-- Generated by org.testng.reporters.JUnitReportReporter -->
<testsuite hostname="LAPTOP-FPI8PGS4" failures="0" tests="1" name="testng1.parameters2" time="0.007" errors="0" timestamp="2024-02-15T12:48:01 IST" skipped="0">
  <testcase classname="testng1.parameters2" name="main1" time="0.007"/>
  <system-out/>
</testsuite> <!-- testng1.parameters2 -->
