<?xml version="1.0" encoding="UTF-8"?>
<!-- Generated by org.testng.reporters.JUnitReportReporter -->
<testsuite hostname="LAPTOP-FPI8PGS4" failures="0" tests="1" name="xpathsel.demoupload" time="6.247" errors="0" timestamp="2024-02-23T12:57:57 IST" skipped="0">
  <testcase classname="xpathsel.demoupload" name="test" time="6.247"/>
  <system-out/>
</testsuite> <!-- xpathsel.demoupload -->
