<?xml version="1.0" encoding="UTF-8"?>
<!-- Generated by org.testng.reporters.JUnitReportReporter -->
<testsuite hostname="LAPTOP-FPI8PGS4" failures="0" tests="3" name="testng1.crossbrowsertest1" time="4.110" errors="0" timestamp="2024-02-16T12:35:48 IST" skipped="0">
  <testcase classname="testng1.crossbrowsertest1" name="browsertest" time="0.980"/>
  <system-out/>
  <testcase classname="testng1.crossbrowsertest1" name="browsertest" time="2.083"/>
  <system-out/>
  <testcase classname="testng1.crossbrowsertest1" name="browsertest" time="1.047"/>
  <system-out/>
</testsuite> <!-- testng1.crossbrowsertest1 -->
